#
# There is insufficient memory for the Java Runtime Environment to continue.
# Native memory allocation (malloc) failed to allocate 1316816 bytes. Error detail: Chunk::new
# Possible reasons:
#   The system is out of physical RAM or swap space
#   This process is running with CompressedOops enabled, and the Java Heap may be blocking the growth of the native heap
# Possible solutions:
#   Reduce memory load on the system
#   Increase physical memory or swap space
#   Check if swap backing store is full
#   Decrease Java heap size (-Xmx/-Xms)
#   Decrease number of Java threads
#   Decrease Java thread stack sizes (-Xss)
#   Set larger code cache with -XX:ReservedCodeCacheSize=
#   JVM is running with Unscaled Compressed Oops mode in which the Java heap is
#     placed in the first 4GB address space. The Java Heap base address is the
#     maximum limit for the native heap growth. Please use -XX:HeapBaseMinAddress
#     to set the Java Heap base and to place the Java Heap above 4GB virtual address.
# This output file may be truncated or incomplete.
#
#  Out of Memory Error (arena.cpp:191), pid=5800, tid=3060
#
# JRE version: OpenJDK Runtime Environment Temurin-17.0.11+9 (17.0.11+9) (build 17.0.11+9)
# Java VM: OpenJDK 64-Bit Server VM Temurin-17.0.11+9 (17.0.11+9, mixed mode, tiered, compressed oops, compressed class ptrs, parallel gc, windows-amd64)
# No core dump will be written. Minidumps are not enabled by default on client versions of Windows
#

---------------  S U M M A R Y ------------

Command Line: --add-modules=ALL-SYSTEM --add-opens=java.base/java.util=ALL-UNNAMED --add-opens=java.base/java.lang=ALL-UNNAMED --add-opens=java.base/sun.nio.fs=ALL-UNNAMED -Declipse.application=org.eclipse.jdt.ls.core.id1 -Dosgi.bundles.defaultStartLevel=4 -Declipse.product=org.eclipse.jdt.ls.core.product -Djava.import.generatesMetadataFilesAtProjectRoot=false -DDetectVMInstallationsJob.disabled=true -Dfile.encoding=utf8 -XX:+UseParallelGC -XX:GCTimeRatio=4 -XX:AdaptiveSizePolicyWeight=90 -Dsun.zip.disableMemoryMapping=true -Xmx1G -Xms100m -Xlog:disable -javaagent:c:\Users\Dell\.vscode\extensions\redhat.java-1.33.0-win32-x64\lombok\lombok-1.18.33.jar -XX:+HeapDumpOnOutOfMemoryError -XX:HeapDumpPath=c:\Users\Dell\AppData\Roaming\Code\User\workspaceStorage\6da1dc44a1c49bb1443428fb4c3261b7\redhat.java -Daether.dependencyCollector.impl=bf c:\Users\Dell\.vscode\extensions\redhat.java-1.33.0-win32-x64\server\plugins\org.eclipse.equinox.launcher_1.6.900.v20240613-2009.jar -configuration c:\Users\Dell\AppData\Roaming\Code\User\globalStorage\redhat.java\1.33.0\config_win -data c:\Users\Dell\AppData\Roaming\Code\User\workspaceStorage\6da1dc44a1c49bb1443428fb4c3261b7\redhat.java\jdt_ws --pipe=\\.\pipe\lsp-49e9d8b285e251c9c22fe7a12655adc4-sock

Host: Intel(R) Core(TM) i5-8350U CPU @ 1.70GHz, 8 cores, 15G,  Windows 11 , 64 bit Build 22621 (10.0.22621.3958)
Time: Tue Aug 20 17:19:00 2024 India Standard Time elapsed time: 728.242932 seconds (0d 0h 12m 8s)

---------------  T H R E A D  ---------------

Current thread (0x0000023e33394ed0):  JavaThread "C2 CompilerThread0" daemon [_thread_in_native, id=3060, stack(0x000000d710200000,0x000000d710300000)]


Current CompileTask:
C2: 728243 20525       4       org.eclipse.jdt.core.dom.ASTConverter::convert (892 bytes)

Stack: [0x000000d710200000,0x000000d710300000]
Native frames: (J=compiled Java code, j=interpreted, Vv=VM code, C=native code)
V  [jvm.dll+0x67d429]
V  [jvm.dll+0x834b7a]
V  [jvm.dll+0x83663e]
V  [jvm.dll+0x836ca3]
V  [jvm.dll+0x247dbf]
V  [jvm.dll+0xac534]
V  [jvm.dll+0xacb7c]
V  [jvm.dll+0x3665f2]
V  [jvm.dll+0x330bba]
V  [jvm.dll+0x33005a]
V  [jvm.dll+0x21a471]
V  [jvm.dll+0x2198b1]
V  [jvm.dll+0x1a534d]
V  [jvm.dll+0x2295cd]
V  [jvm.dll+0x22779c]
V  [jvm.dll+0x7e9d07]
V  [jvm.dll+0x7e410a]
V  [jvm.dll+0x67c315]
C  [ucrtbase.dll+0x29333]
C  [KERNEL32.DLL+0x1257d]
C  [ntdll.dll+0x5af28]


---------------  P R O C E S S  ---------------

Threads class SMR info:
_java_thread_list=0x0000023e37933560, length=45, elements={
0x0000023e1a47e200, 0x0000023e33372ee0, 0x0000023e33374240, 0x0000023e2e30d0f0,
0x0000023e2e30d9c0, 0x0000023e2e30e580, 0x0000023e33392120, 0x0000023e33394ed0,
0x0000023e333ebd30, 0x0000023e3340ef30, 0x0000023e334bc010, 0x0000023e336ccc20,
0x0000023e34b28be0, 0x0000023e351f9870, 0x0000023e34fecbd0, 0x0000023e34fe3eb0,
0x0000023e34bf6fa0, 0x0000023e3468e210, 0x0000023e3468e720, 0x0000023e3468f650,
0x0000023e34690a90, 0x0000023e34690070, 0x0000023e34690fa0, 0x0000023e34690580,
0x0000023e346914b0, 0x0000023e378dc920, 0x0000023e378e1510, 0x0000023e378dd340,
0x0000023e378de780, 0x0000023e378dec90, 0x0000023e378e1f30, 0x0000023e378e2950,
0x0000023e378ddd60, 0x0000023e378dc410, 0x0000023e378dce30, 0x0000023e378db4e0,
0x0000023e378dbf00, 0x0000023e378e00d0, 0x0000023e378e2e60, 0x0000023e378db9f0,
0x0000023e378e1000, 0x0000023e378e05e0, 0x0000023e378e0af0, 0x0000023e378df1a0,
0x0000023e378dfbc0
}

Java Threads: ( => current thread )
  0x0000023e1a47e200 JavaThread "main" [_thread_blocked, id=8612, stack(0x000000d70f900000,0x000000d70fa00000)]
  0x0000023e33372ee0 JavaThread "Reference Handler" daemon [_thread_blocked, id=3004, stack(0x000000d70fc00000,0x000000d70fd00000)]
  0x0000023e33374240 JavaThread "Finalizer" daemon [_thread_blocked, id=4316, stack(0x000000d70fd00000,0x000000d70fe00000)]
  0x0000023e2e30d0f0 JavaThread "Signal Dispatcher" daemon [_thread_blocked, id=4112, stack(0x000000d70fe00000,0x000000d70ff00000)]
  0x0000023e2e30d9c0 JavaThread "Attach Listener" daemon [_thread_blocked, id=6304, stack(0x000000d70ff00000,0x000000d710000000)]
  0x0000023e2e30e580 JavaThread "Service Thread" daemon [_thread_blocked, id=8348, stack(0x000000d710000000,0x000000d710100000)]
  0x0000023e33392120 JavaThread "Monitor Deflation Thread" daemon [_thread_blocked, id=5492, stack(0x000000d710100000,0x000000d710200000)]
=>0x0000023e33394ed0 JavaThread "C2 CompilerThread0" daemon [_thread_in_native, id=3060, stack(0x000000d710200000,0x000000d710300000)]
  0x0000023e333ebd30 JavaThread "C1 CompilerThread0" daemon [_thread_blocked, id=7600, stack(0x000000d710300000,0x000000d710400000)]
  0x0000023e3340ef30 JavaThread "Sweeper thread" daemon [_thread_blocked, id=7588, stack(0x000000d710400000,0x000000d710500000)]
  0x0000023e334bc010 JavaThread "Common-Cleaner" daemon [_thread_blocked, id=16776, stack(0x000000d710500000,0x000000d710600000)]
  0x0000023e336ccc20 JavaThread "Notification Thread" daemon [_thread_blocked, id=9616, stack(0x000000d710600000,0x000000d710700000)]
  0x0000023e34b28be0 JavaThread "Active Thread: Equinox Container: d9cd7927-922a-4f71-bafc-647646092810" [_thread_blocked, id=4652, stack(0x000000d710f00000,0x000000d711000000)]
  0x0000023e351f9870 JavaThread "Framework Event Dispatcher: Equinox Container: d9cd7927-922a-4f71-bafc-647646092810" daemon [_thread_blocked, id=5180, stack(0x000000d711000000,0x000000d711100000)]
  0x0000023e34fecbd0 JavaThread "Start Level: Equinox Container: d9cd7927-922a-4f71-bafc-647646092810" daemon [_thread_blocked, id=3364, stack(0x000000d711100000,0x000000d711200000)]
  0x0000023e34fe3eb0 JavaThread "Bundle File Closer" daemon [_thread_blocked, id=2088, stack(0x000000d711300000,0x000000d711400000)]
  0x0000023e34bf6fa0 JavaThread "SCR Component Actor" daemon [_thread_blocked, id=13940, stack(0x000000d711400000,0x000000d711500000)]
  0x0000023e3468e210 JavaThread "Worker-JM" [_thread_blocked, id=11784, stack(0x000000d711600000,0x000000d711700000)]
  0x0000023e3468e720 JavaThread "JNA Cleaner" daemon [_thread_blocked, id=17028, stack(0x000000d710e00000,0x000000d710f00000)]
  0x0000023e3468f650 JavaThread "Worker-1" [_thread_blocked, id=16012, stack(0x000000d711800000,0x000000d711900000)]
  0x0000023e34690a90 JavaThread "Worker-2" [_thread_blocked, id=6804, stack(0x000000d711b00000,0x000000d711c00000)]
  0x0000023e34690070 JavaThread "Java indexing" daemon [_thread_blocked, id=3716, stack(0x000000d711d00000,0x000000d711e00000)]
  0x0000023e34690fa0 JavaThread "Thread-2" daemon [_thread_in_native, id=7724, stack(0x000000d712000000,0x000000d712100000)]
  0x0000023e34690580 JavaThread "Thread-3" daemon [_thread_in_native, id=6736, stack(0x000000d712100000,0x000000d712200000)]
  0x0000023e346914b0 JavaThread "Thread-4" daemon [_thread_in_native, id=16968, stack(0x000000d712200000,0x000000d712300000)]
  0x0000023e378dc920 JavaThread "Thread-5" daemon [_thread_in_native, id=11528, stack(0x000000d712300000,0x000000d712400000)]
  0x0000023e378e1510 JavaThread "Thread-6" daemon [_thread_in_native, id=2196, stack(0x000000d712400000,0x000000d712500000)]
  0x0000023e378dd340 JavaThread "Thread-7" daemon [_thread_in_native, id=12076, stack(0x000000d712500000,0x000000d712600000)]
  0x0000023e378de780 JavaThread "Thread-8" daemon [_thread_in_native, id=1612, stack(0x000000d712600000,0x000000d712700000)]
  0x0000023e378dec90 JavaThread "Thread-9" daemon [_thread_in_native, id=10120, stack(0x000000d712700000,0x000000d712800000)]
  0x0000023e378e1f30 JavaThread "Thread-10" daemon [_thread_in_native, id=4052, stack(0x000000d712800000,0x000000d712900000)]
  0x0000023e378e2950 JavaThread "pool-2-thread-1" [_thread_blocked, id=9536, stack(0x000000d712900000,0x000000d712a00000)]
  0x0000023e378ddd60 JavaThread "WorkspaceEventsHandler" [_thread_blocked, id=9304, stack(0x000000d712a00000,0x000000d712b00000)]
  0x0000023e378dc410 JavaThread "pool-1-thread-1" [_thread_blocked, id=3016, stack(0x000000d712b00000,0x000000d712c00000)]
  0x0000023e378dce30 JavaThread "ForkJoinPool.commonPool-worker-1" daemon [_thread_blocked, id=16744, stack(0x000000d711900000,0x000000d711a00000)]
  0x0000023e378db4e0 JavaThread "ForkJoinPool.commonPool-worker-2" daemon [_thread_blocked, id=14368, stack(0x000000d711a00000,0x000000d711b00000)]
  0x0000023e378dbf00 JavaThread "ForkJoinPool.commonPool-worker-3" daemon [_thread_blocked, id=12708, stack(0x000000d712d00000,0x000000d712e00000)]
  0x0000023e378e00d0 JavaThread "ForkJoinPool.commonPool-worker-4" daemon [_thread_blocked, id=8208, stack(0x000000d712e00000,0x000000d712f00000)]
  0x0000023e378e2e60 JavaThread "ForkJoinPool.commonPool-worker-5" daemon [_thread_blocked, id=11000, stack(0x000000d712f00000,0x000000d713000000)]
  0x0000023e378db9f0 JavaThread "ForkJoinPool.commonPool-worker-6" daemon [_thread_blocked, id=7328, stack(0x000000d713000000,0x000000d713100000)]
  0x0000023e378e1000 JavaThread "ForkJoinPool.commonPool-worker-7" daemon [_thread_blocked, id=8188, stack(0x000000d713100000,0x000000d713200000)]
  0x0000023e378e05e0 JavaThread "Cleaner-0" daemon [_thread_blocked, id=10380, stack(0x000000d713200000,0x000000d713300000)]
  0x0000023e378e0af0 JavaThread "Java Debug Server" daemon [_thread_in_native, id=10720, stack(0x000000d70f700000,0x000000d70f800000)]
  0x0000023e378df1a0 JavaThread "RxSchedulerPurge-1" daemon [_thread_blocked, id=14780, stack(0x000000d711500000,0x000000d711600000)]
  0x0000023e378dfbc0 JavaThread "RxCachedWorkerPoolEvictor-1" daemon [_thread_blocked, id=1468, stack(0x000000d711c00000,0x000000d711d00000)]

Other Threads:
  0x0000023e1a508180 VMThread "VM Thread" [stack: 0x000000d70fb00000,0x000000d70fc00000] [id=10556]
  0x0000023e336cd100 WatcherThread [stack: 0x000000d710700000,0x000000d710800000] [id=8068]
  0x0000023e1a4916e0 GCTaskThread "GC Thread#0" [stack: 0x000000d70fa00000,0x000000d70fb00000] [id=4684]
  0x0000023e34c4a910 GCTaskThread "GC Thread#1" [stack: 0x000000d710800000,0x000000d710900000] [id=280]
  0x0000023e34b2ca00 GCTaskThread "GC Thread#2" [stack: 0x000000d710900000,0x000000d710a00000] [id=5384]
  0x0000023e34607420 GCTaskThread "GC Thread#3" [stack: 0x000000d710a00000,0x000000d710b00000] [id=9836]
  0x0000023e346076e0 GCTaskThread "GC Thread#4" [stack: 0x000000d710b00000,0x000000d710c00000] [id=11524]
  0x0000023e346079a0 GCTaskThread "GC Thread#5" [stack: 0x000000d710c00000,0x000000d710d00000] [id=17264]
  0x0000023e34607c60 GCTaskThread "GC Thread#6" [stack: 0x000000d710d00000,0x000000d710e00000] [id=10628]
  0x0000023e35074370 GCTaskThread "GC Thread#7" [stack: 0x000000d711200000,0x000000d711300000] [id=6696]

Threads with active compile tasks:
C2 CompilerThread0   728271 20525       4       org.eclipse.jdt.core.dom.ASTConverter::convert (892 bytes)

VM state: not at safepoint (normal execution)

VM Mutex/Monitor currently owned by a thread: None

Heap address: 0x00000000c0000000, size: 1024 MB, Compressed Oops mode: 32-bit

CDS archive(s) not mapped
Compressed class space mapped at: 0x0000000100000000-0x0000000140000000, reserved size: 1073741824
Narrow klass base: 0x0000000000000000, Narrow klass shift: 3, Narrow klass range: 0x140000000

GC Precious Log:
 CPUs: 8 total, 8 available
 Memory: 16249M
 Large Page Support: Disabled
 NUMA Support: Disabled
 Compressed Oops: Enabled (32-bit)
 Alignments: Space 512K, Generation 512K, Heap 2M
 Heap Min Capacity: 100M
 Heap Initial Capacity: 100M
 Heap Max Capacity: 1G
 Pre-touch: Disabled
 Parallel Workers: 8

Heap:
 PSYoungGen      total 3072K, used 2165K [0x00000000eab00000, 0x00000000eb080000, 0x0000000100000000)
  eden space 2048K, 57% used [0x00000000eab00000,0x00000000eac25450,0x00000000ead00000)
  from space 1024K, 96% used [0x00000000eae80000,0x00000000eaf78040,0x00000000eaf80000)
  to   space 1536K, 0% used [0x00000000ead00000,0x00000000ead00000,0x00000000eae80000)
 ParOldGen       total 119296K, used 116987K [0x00000000c0000000, 0x00000000c7480000, 0x00000000eab00000)
  object space 119296K, 98% used [0x00000000c0000000,0x00000000c723ef18,0x00000000c7480000)
 Metaspace       used 88077K, committed 89344K, reserved 1179648K
  class space    used 8936K, committed 9472K, reserved 1048576K

Card table byte_map: [0x0000023e19e40000,0x0000023e1a050000] _byte_map_base: 0x0000023e19840000

Marking Bits: (ParMarkBitMap*) 0x00007ffd6336d820
 Begin Bits: [0x0000023e2c110000, 0x0000023e2d110000)
 End Bits:   [0x0000023e2d110000, 0x0000023e2e110000)

Polling page: 0x0000023e19c30000

Metaspace:

Usage:
  Non-class:     77.29 MB used.
      Class:      8.73 MB used.
       Both:     86.01 MB used.

Virtual space:
  Non-class space:      128.00 MB reserved,      78.00 MB ( 61%) committed,  2 nodes.
      Class space:        1.00 GB reserved,       9.25 MB ( <1%) committed,  1 nodes.
             Both:        1.12 GB reserved,      87.25 MB (  8%) committed. 

Chunk freelists:
   Non-Class:  1.51 MB
       Class:  6.63 MB
        Both:  8.15 MB

MaxMetaspaceSize: unlimited
CompressedClassSpaceSize: 1.00 GB
Initial GC threshold: 21.00 MB
Current GC threshold: 145.31 MB
CDS: off
MetaspaceReclaimPolicy: balanced
 - commit_granule_bytes: 65536.
 - commit_granule_words: 8192.
 - virtual_space_node_default_size: 8388608.
 - enlarge_chunks_in_place: 1.
 - new_chunks_are_fully_committed: 0.
 - uncommit_free_chunks: 1.
 - use_allocation_guard: 0.
 - handle_deallocations: 1.


Internal statistics:

num_allocs_failed_limit: 13.
num_arena_births: 956.
num_arena_deaths: 34.
num_vsnodes_births: 3.
num_vsnodes_deaths: 0.
num_space_committed: 1396.
num_space_uncommitted: 0.
num_chunks_returned_to_freelist: 56.
num_chunks_taken_from_freelist: 4822.
num_chunk_merges: 15.
num_chunk_splits: 2939.
num_chunks_enlarged: 1627.
num_inconsistent_stats: 0.

CodeHeap 'non-profiled nmethods': size=120000Kb used=18592Kb max_used=19244Kb free=101407Kb
 bounds [0x0000023e24be0000, 0x0000023e25ec0000, 0x0000023e2c110000]
CodeHeap 'profiled nmethods': size=120000Kb used=31291Kb max_used=31712Kb free=88708Kb
 bounds [0x0000023e1d110000, 0x0000023e1f040000, 0x0000023e24640000]
CodeHeap 'non-nmethods': size=5760Kb used=1428Kb max_used=1551Kb free=4331Kb
 bounds [0x0000023e24640000, 0x0000023e248b0000, 0x0000023e24be0000]
 total_blobs=15808 nmethods=15024 adapters=690
 compilation: enabled
              stopped_count=0, restarted_count=0
 full_count=0

Compilation events (20 events):
Event: 727.389 Thread 0x0000023e33394ed0 nmethod 20515 0x0000023e254ae090 code [0x0000023e254ae200, 0x0000023e254ae2d8]
Event: 727.520 Thread 0x0000023e33394ed0 20516       4       org.eclipse.jdt.internal.compiler.ast.IfStatement::traverse (57 bytes)
Event: 727.521 Thread 0x0000023e333ebd30 20518       3       org.eclipse.jdt.internal.compiler.ast.ReturnStatement::generateCode (262 bytes)
Event: 727.523 Thread 0x0000023e333ebd30 nmethod 20518 0x0000023e1dcf6910 code [0x0000023e1dcf6c40, 0x0000023e1dcf8478]
Event: 727.523 Thread 0x0000023e333ebd30 20519       2       org.eclipse.jdt.internal.compiler.ast.BinaryExpression::generateOptimizedLessThan (407 bytes)
Event: 727.524 Thread 0x0000023e333ebd30 nmethod 20519 0x0000023e1ed72f10 code [0x0000023e1ed73240, 0x0000023e1ed73ab8]
Event: 727.528 Thread 0x0000023e33394ed0 nmethod 20516 0x0000023e2589dd90 code [0x0000023e2589df60, 0x0000023e2589e378]
Event: 727.528 Thread 0x0000023e33394ed0 20517       4       org.eclipse.jdt.internal.compiler.ast.ReturnStatement::generateReturnBytecode (9 bytes)
Event: 727.572 Thread 0x0000023e33394ed0 nmethod 20517 0x0000023e25907a90 code [0x0000023e25907d80, 0x0000023e25909510]
Event: 727.656 Thread 0x0000023e333ebd30 20520       3       org.eclipse.jdt.internal.compiler.ast.ReturnStatement::resolve (682 bytes)
Event: 727.657 Thread 0x0000023e33394ed0 20521       4       org.eclipse.jdt.internal.compiler.ast.ReturnStatement::analyseCode (586 bytes)
Event: 727.660 Thread 0x0000023e333ebd30 nmethod 20520 0x0000023e1e780e90 code [0x0000023e1e781440, 0x0000023e1e784c08]
Event: 727.660 Thread 0x0000023e333ebd30 20523       3       org.eclipse.jdt.internal.compiler.ast.ForStatement::generateCode (726 bytes)
Event: 727.663 Thread 0x0000023e333ebd30 nmethod 20523 0x0000023e1eb0b110 code [0x0000023e1eb0b600, 0x0000023e1eb0e5f8]
Event: 727.663 Thread 0x0000023e333ebd30 20522       3       org.eclipse.jdt.internal.compiler.codegen.CodeStream::generateReturnBytecode (109 bytes)
Event: 727.663 Thread 0x0000023e333ebd30 nmethod 20522 0x0000023e1e840f90 code [0x0000023e1e8411e0, 0x0000023e1e841a88]
Event: 727.791 Thread 0x0000023e33394ed0 nmethod 20521 0x0000023e25763c10 code [0x0000023e25764120, 0x0000023e25769580]
Event: 728.032 Thread 0x0000023e33394ed0 20524       4       org.eclipse.jdt.internal.compiler.lookup.Scope::findMemberType (723 bytes)
Event: 728.125 Thread 0x0000023e33394ed0 nmethod 20524 0x0000023e25c94e90 code [0x0000023e25c952e0, 0x0000023e25c98e78]
Event: 728.125 Thread 0x0000023e33394ed0 20525       4       org.eclipse.jdt.core.dom.ASTConverter::convert (892 bytes)

GC Heap History (20 events):
Event: 726.323 GC heap before
{Heap before GC invocations=1974 (full 46):
 PSYoungGen      total 3584K, used 3136K [0x00000000eab00000, 0x00000000eb080000, 0x0000000100000000)
  eden space 2560K, 100% used [0x00000000eab00000,0x00000000ead80000,0x00000000ead80000)
  from space 1024K, 56% used [0x00000000eaf80000,0x00000000eb010020,0x00000000eb080000)
  to   space 1024K, 0% used [0x00000000eae80000,0x00000000eae80000,0x00000000eaf80000)
 ParOldGen       total 119296K, used 114918K [0x00000000c0000000, 0x00000000c7480000, 0x00000000eab00000)
  object space 119296K, 96% used [0x00000000c0000000,0x00000000c70399b0,0x00000000c7480000)
 Metaspace       used 88077K, committed 89344K, reserved 1179648K
  class space    used 8936K, committed 9472K, reserved 1048576K
}
Event: 726.324 GC heap after
{Heap after GC invocations=1974 (full 46):
 PSYoungGen      total 3584K, used 288K [0x00000000eab00000, 0x00000000eb000000, 0x0000000100000000)
  eden space 2560K, 0% used [0x00000000eab00000,0x00000000eab00000,0x00000000ead80000)
  from space 1024K, 28% used [0x00000000eae80000,0x00000000eaec8020,0x00000000eaf80000)
  to   space 512K, 0% used [0x00000000eaf80000,0x00000000eaf80000,0x00000000eb000000)
 ParOldGen       total 119296K, used 114942K [0x00000000c0000000, 0x00000000c7480000, 0x00000000eab00000)
  object space 119296K, 96% used [0x00000000c0000000,0x00000000c703f9b0,0x00000000c7480000)
 Metaspace       used 88077K, committed 89344K, reserved 1179648K
  class space    used 8936K, committed 9472K, reserved 1048576K
}
Event: 726.640 GC heap before
{Heap before GC invocations=1975 (full 46):
 PSYoungGen      total 3584K, used 2848K [0x00000000eab00000, 0x00000000eb000000, 0x0000000100000000)
  eden space 2560K, 99% used [0x00000000eab00000,0x00000000ead7ffe8,0x00000000ead80000)
  from space 1024K, 28% used [0x00000000eae80000,0x00000000eaec8020,0x00000000eaf80000)
  to   space 512K, 0% used [0x00000000eaf80000,0x00000000eaf80000,0x00000000eb000000)
 ParOldGen       total 119296K, used 114942K [0x00000000c0000000, 0x00000000c7480000, 0x00000000eab00000)
  object space 119296K, 96% used [0x00000000c0000000,0x00000000c703f9b0,0x00000000c7480000)
 Metaspace       used 88077K, committed 89344K, reserved 1179648K
  class space    used 8936K, committed 9472K, reserved 1048576K
}
Event: 726.641 GC heap after
{Heap after GC invocations=1975 (full 46):
 PSYoungGen      total 3072K, used 224K [0x00000000eab00000, 0x00000000eb000000, 0x0000000100000000)
  eden space 2560K, 0% used [0x00000000eab00000,0x00000000eab00000,0x00000000ead80000)
  from space 512K, 43% used [0x00000000eaf80000,0x00000000eafb8000,0x00000000eb000000)
  to   space 512K, 0% used [0x00000000eaf00000,0x00000000eaf00000,0x00000000eaf80000)
 ParOldGen       total 119296K, used 114942K [0x00000000c0000000, 0x00000000c7480000, 0x00000000eab00000)
  object space 119296K, 96% used [0x00000000c0000000,0x00000000c703f9b0,0x00000000c7480000)
 Metaspace       used 88077K, committed 89344K, reserved 1179648K
  class space    used 8936K, committed 9472K, reserved 1048576K
}
Event: 726.721 GC heap before
{Heap before GC invocations=1976 (full 46):
 PSYoungGen      total 3072K, used 2784K [0x00000000eab00000, 0x00000000eb000000, 0x0000000100000000)
  eden space 2560K, 100% used [0x00000000eab00000,0x00000000ead80000,0x00000000ead80000)
  from space 512K, 43% used [0x00000000eaf80000,0x00000000eafb8000,0x00000000eb000000)
  to   space 512K, 0% used [0x00000000eaf00000,0x00000000eaf00000,0x00000000eaf80000)
 ParOldGen       total 119296K, used 114942K [0x00000000c0000000, 0x00000000c7480000, 0x00000000eab00000)
  object space 119296K, 96% used [0x00000000c0000000,0x00000000c703f9b0,0x00000000c7480000)
 Metaspace       used 88077K, committed 89344K, reserved 1179648K
  class space    used 8936K, committed 9472K, reserved 1048576K
}
Event: 726.722 GC heap after
{Heap after GC invocations=1976 (full 46):
 PSYoungGen      total 3072K, used 480K [0x00000000eab00000, 0x00000000eb000000, 0x0000000100000000)
  eden space 2560K, 0% used [0x00000000eab00000,0x00000000eab00000,0x00000000ead80000)
  from space 512K, 93% used [0x00000000eaf00000,0x00000000eaf78020,0x00000000eaf80000)
  to   space 512K, 0% used [0x00000000eaf80000,0x00000000eaf80000,0x00000000eb000000)
 ParOldGen       total 119296K, used 115267K [0x00000000c0000000, 0x00000000c7480000, 0x00000000eab00000)
  object space 119296K, 96% used [0x00000000c0000000,0x00000000c7090e70,0x00000000c7480000)
 Metaspace       used 88077K, committed 89344K, reserved 1179648K
  class space    used 8936K, committed 9472K, reserved 1048576K
}
Event: 727.034 GC heap before
{Heap before GC invocations=1977 (full 46):
 PSYoungGen      total 3072K, used 3040K [0x00000000eab00000, 0x00000000eb000000, 0x0000000100000000)
  eden space 2560K, 100% used [0x00000000eab00000,0x00000000ead80000,0x00000000ead80000)
  from space 512K, 93% used [0x00000000eaf00000,0x00000000eaf78020,0x00000000eaf80000)
  to   space 512K, 0% used [0x00000000eaf80000,0x00000000eaf80000,0x00000000eb000000)
 ParOldGen       total 119296K, used 115267K [0x00000000c0000000, 0x00000000c7480000, 0x00000000eab00000)
  object space 119296K, 96% used [0x00000000c0000000,0x00000000c7090e70,0x00000000c7480000)
 Metaspace       used 88077K, committed 89344K, reserved 1179648K
  class space    used 8936K, committed 9472K, reserved 1048576K
}
Event: 727.035 GC heap after
{Heap after GC invocations=1977 (full 46):
 PSYoungGen      total 3072K, used 496K [0x00000000eab00000, 0x00000000eb080000, 0x0000000100000000)
  eden space 2560K, 0% used [0x00000000eab00000,0x00000000eab00000,0x00000000ead80000)
  from space 512K, 96% used [0x00000000eaf80000,0x00000000eaffc030,0x00000000eb000000)
  to   space 1536K, 0% used [0x00000000ead80000,0x00000000ead80000,0x00000000eaf00000)
 ParOldGen       total 119296K, used 115865K [0x00000000c0000000, 0x00000000c7480000, 0x00000000eab00000)
  object space 119296K, 97% used [0x00000000c0000000,0x00000000c71267c8,0x00000000c7480000)
 Metaspace       used 88077K, committed 89344K, reserved 1179648K
  class space    used 8936K, committed 9472K, reserved 1048576K
}
Event: 727.049 GC heap before
{Heap before GC invocations=1978 (full 46):
 PSYoungGen      total 3072K, used 3056K [0x00000000eab00000, 0x00000000eb080000, 0x0000000100000000)
  eden space 2560K, 100% used [0x00000000eab00000,0x00000000ead80000,0x00000000ead80000)
  from space 512K, 96% used [0x00000000eaf80000,0x00000000eaffc030,0x00000000eb000000)
  to   space 1536K, 0% used [0x00000000ead80000,0x00000000ead80000,0x00000000eaf00000)
 ParOldGen       total 119296K, used 115865K [0x00000000c0000000, 0x00000000c7480000, 0x00000000eab00000)
  object space 119296K, 97% used [0x00000000c0000000,0x00000000c71267c8,0x00000000c7480000)
 Metaspace       used 88077K, committed 89344K, reserved 1179648K
  class space    used 8936K, committed 9472K, reserved 1048576K
}
Event: 727.051 GC heap after
{Heap after GC invocations=1978 (full 46):
 PSYoungGen      total 4096K, used 976K [0x00000000eab00000, 0x00000000eb000000, 0x0000000100000000)
  eden space 2560K, 0% used [0x00000000eab00000,0x00000000eab00000,0x00000000ead80000)
  from space 1536K, 63% used [0x00000000ead80000,0x00000000eae74010,0x00000000eaf00000)
  to   space 1024K, 0% used [0x00000000eaf00000,0x00000000eaf00000,0x00000000eb000000)
 ParOldGen       total 119296K, used 116365K [0x00000000c0000000, 0x00000000c7480000, 0x00000000eab00000)
  object space 119296K, 97% used [0x00000000c0000000,0x00000000c71a3478,0x00000000c7480000)
 Metaspace       used 88077K, committed 89344K, reserved 1179648K
  class space    used 8936K, committed 9472K, reserved 1048576K
}
Event: 727.515 GC heap before
{Heap before GC invocations=1979 (full 46):
 PSYoungGen      total 4096K, used 3536K [0x00000000eab00000, 0x00000000eb000000, 0x0000000100000000)
  eden space 2560K, 100% used [0x00000000eab00000,0x00000000ead80000,0x00000000ead80000)
  from space 1536K, 63% used [0x00000000ead80000,0x00000000eae74010,0x00000000eaf00000)
  to   space 1024K, 0% used [0x00000000eaf00000,0x00000000eaf00000,0x00000000eb000000)
 ParOldGen       total 119296K, used 116365K [0x00000000c0000000, 0x00000000c7480000, 0x00000000eab00000)
  object space 119296K, 97% used [0x00000000c0000000,0x00000000c71a3478,0x00000000c7480000)
 Metaspace       used 88077K, committed 89344K, reserved 1179648K
  class space    used 8936K, committed 9472K, reserved 1048576K
}
Event: 727.516 GC heap after
{Heap after GC invocations=1979 (full 46):
 PSYoungGen      total 3072K, used 320K [0x00000000eab00000, 0x00000000eaf80000, 0x0000000100000000)
  eden space 2560K, 0% used [0x00000000eab00000,0x00000000eab00000,0x00000000ead80000)
  from space 512K, 62% used [0x00000000eaf00000,0x00000000eaf50020,0x00000000eaf80000)
  to   space 1024K, 0% used [0x00000000ead80000,0x00000000ead80000,0x00000000eae80000)
 ParOldGen       total 119296K, used 116493K [0x00000000c0000000, 0x00000000c7480000, 0x00000000eab00000)
  object space 119296K, 97% used [0x00000000c0000000,0x00000000c71c3478,0x00000000c7480000)
 Metaspace       used 88077K, committed 89344K, reserved 1179648K
  class space    used 8936K, committed 9472K, reserved 1048576K
}
Event: 727.651 GC heap before
{Heap before GC invocations=1980 (full 46):
 PSYoungGen      total 3072K, used 2880K [0x00000000eab00000, 0x00000000eaf80000, 0x0000000100000000)
  eden space 2560K, 100% used [0x00000000eab00000,0x00000000ead80000,0x00000000ead80000)
  from space 512K, 62% used [0x00000000eaf00000,0x00000000eaf50020,0x00000000eaf80000)
  to   space 1024K, 0% used [0x00000000ead80000,0x00000000ead80000,0x00000000eae80000)
 ParOldGen       total 119296K, used 116493K [0x00000000c0000000, 0x00000000c7480000, 0x00000000eab00000)
  object space 119296K, 97% used [0x00000000c0000000,0x00000000c71c3478,0x00000000c7480000)
 Metaspace       used 88077K, committed 89344K, reserved 1179648K
  class space    used 8936K, committed 9472K, reserved 1048576K
}
Event: 727.652 GC heap after
{Heap after GC invocations=1980 (full 46):
 PSYoungGen      total 3584K, used 800K [0x00000000eab00000, 0x00000000eaf80000, 0x0000000100000000)
  eden space 2560K, 0% used [0x00000000eab00000,0x00000000eab00000,0x00000000ead80000)
  from space 1024K, 78% used [0x00000000ead80000,0x00000000eae48000,0x00000000eae80000)
  to   space 1024K, 0% used [0x00000000eae80000,0x00000000eae80000,0x00000000eaf80000)
 ParOldGen       total 119296K, used 116611K [0x00000000c0000000, 0x00000000c7480000, 0x00000000eab00000)
  object space 119296K, 97% used [0x00000000c0000000,0x00000000c71e0ed8,0x00000000c7480000)
 Metaspace       used 88077K, committed 89344K, reserved 1179648K
  class space    used 8936K, committed 9472K, reserved 1048576K
}
Event: 727.715 GC heap before
{Heap before GC invocations=1981 (full 46):
 PSYoungGen      total 3584K, used 3360K [0x00000000eab00000, 0x00000000eaf80000, 0x0000000100000000)
  eden space 2560K, 100% used [0x00000000eab00000,0x00000000ead80000,0x00000000ead80000)
  from space 1024K, 78% used [0x00000000ead80000,0x00000000eae48000,0x00000000eae80000)
  to   space 1024K, 0% used [0x00000000eae80000,0x00000000eae80000,0x00000000eaf80000)
 ParOldGen       total 119296K, used 116611K [0x00000000c0000000, 0x00000000c7480000, 0x00000000eab00000)
  object space 119296K, 97% used [0x00000000c0000000,0x00000000c71e0ed8,0x00000000c7480000)
 Metaspace       used 88077K, committed 89344K, reserved 1179648K
  class space    used 8936K, committed 9472K, reserved 1048576K
}
Event: 727.716 GC heap after
{Heap after GC invocations=1981 (full 46):
 PSYoungGen      total 3584K, used 800K [0x00000000eab00000, 0x00000000eaf80000, 0x0000000100000000)
  eden space 2560K, 0% used [0x00000000eab00000,0x00000000eab00000,0x00000000ead80000)
  from space 1024K, 78% used [0x00000000eae80000,0x00000000eaf48000,0x00000000eaf80000)
  to   space 1024K, 0% used [0x00000000ead80000,0x00000000ead80000,0x00000000eae80000)
 ParOldGen       total 119296K, used 116611K [0x00000000c0000000, 0x00000000c7480000, 0x00000000eab00000)
  object space 119296K, 97% used [0x00000000c0000000,0x00000000c71e0ed8,0x00000000c7480000)
 Metaspace       used 88077K, committed 89344K, reserved 1179648K
  class space    used 8936K, committed 9472K, reserved 1048576K
}
Event: 728.032 GC heap before
{Heap before GC invocations=1982 (full 46):
 PSYoungGen      total 3584K, used 3360K [0x00000000eab00000, 0x00000000eaf80000, 0x0000000100000000)
  eden space 2560K, 100% used [0x00000000eab00000,0x00000000ead80000,0x00000000ead80000)
  from space 1024K, 78% used [0x00000000eae80000,0x00000000eaf48000,0x00000000eaf80000)
  to   space 1024K, 0% used [0x00000000ead80000,0x00000000ead80000,0x00000000eae80000)
 ParOldGen       total 119296K, used 116611K [0x00000000c0000000, 0x00000000c7480000, 0x00000000eab00000)
  object space 119296K, 97% used [0x00000000c0000000,0x00000000c71e0ed8,0x00000000c7480000)
 Metaspace       used 88077K, committed 89344K, reserved 1179648K
  class space    used 8936K, committed 9472K, reserved 1048576K
}
Event: 728.033 GC heap after
{Heap after GC invocations=1982 (full 46):
 PSYoungGen      total 3584K, used 752K [0x00000000eab00000, 0x00000000eaf80000, 0x0000000100000000)
  eden space 2560K, 0% used [0x00000000eab00000,0x00000000eab00000,0x00000000ead80000)
  from space 1024K, 73% used [0x00000000ead80000,0x00000000eae3c030,0x00000000eae80000)
  to   space 1024K, 0% used [0x00000000eae80000,0x00000000eae80000,0x00000000eaf80000)
 ParOldGen       total 119296K, used 116611K [0x00000000c0000000, 0x00000000c7480000, 0x00000000eab00000)
  object space 119296K, 97% used [0x00000000c0000000,0x00000000c71e0ed8,0x00000000c7480000)
 Metaspace       used 88077K, committed 89344K, reserved 1179648K
  class space    used 8936K, committed 9472K, reserved 1048576K
}
Event: 728.188 GC heap before
{Heap before GC invocations=1983 (full 46):
 PSYoungGen      total 3584K, used 3312K [0x00000000eab00000, 0x00000000eaf80000, 0x0000000100000000)
  eden space 2560K, 100% used [0x00000000eab00000,0x00000000ead80000,0x00000000ead80000)
  from space 1024K, 73% used [0x00000000ead80000,0x00000000eae3c030,0x00000000eae80000)
  to   space 1024K, 0% used [0x00000000eae80000,0x00000000eae80000,0x00000000eaf80000)
 ParOldGen       total 119296K, used 116611K [0x00000000c0000000, 0x00000000c7480000, 0x00000000eab00000)
  object space 119296K, 97% used [0x00000000c0000000,0x00000000c71e0ed8,0x00000000c7480000)
 Metaspace       used 88077K, committed 89344K, reserved 1179648K
  class space    used 8936K, committed 9472K, reserved 1048576K
}
Event: 728.189 GC heap after
{Heap after GC invocations=1983 (full 46):
 PSYoungGen      total 3072K, used 992K [0x00000000eab00000, 0x00000000eb080000, 0x0000000100000000)
  eden space 2048K, 0% used [0x00000000eab00000,0x00000000eab00000,0x00000000ead00000)
  from space 1024K, 96% used [0x00000000eae80000,0x00000000eaf78040,0x00000000eaf80000)
  to   space 1536K, 0% used [0x00000000ead00000,0x00000000ead00000,0x00000000eae80000)
 ParOldGen       total 119296K, used 116987K [0x00000000c0000000, 0x00000000c7480000, 0x00000000eab00000)
  object space 119296K, 98% used [0x00000000c0000000,0x00000000c723ef18,0x00000000c7480000)
 Metaspace       used 88077K, committed 89344K, reserved 1179648K
  class space    used 8936K, committed 9472K, reserved 1048576K
}

Dll operation events (11 events):
Event: 0.031 Loaded shared library c:\Users\Dell\.vscode\extensions\redhat.java-1.33.0-win32-x64\jre\17.0.11-win32-x86_64\bin\java.dll
Event: 0.479 Loaded shared library c:\Users\Dell\.vscode\extensions\redhat.java-1.33.0-win32-x64\jre\17.0.11-win32-x86_64\bin\zip.dll
Event: 0.484 Loaded shared library C:\Users\Dell\.vscode\extensions\redhat.java-1.33.0-win32-x64\jre\17.0.11-win32-x86_64\bin\instrument.dll
Event: 0.526 Loaded shared library C:\Users\Dell\.vscode\extensions\redhat.java-1.33.0-win32-x64\jre\17.0.11-win32-x86_64\bin\net.dll
Event: 0.536 Loaded shared library C:\Users\Dell\.vscode\extensions\redhat.java-1.33.0-win32-x64\jre\17.0.11-win32-x86_64\bin\nio.dll
Event: 0.570 Loaded shared library C:\Users\Dell\.vscode\extensions\redhat.java-1.33.0-win32-x64\jre\17.0.11-win32-x86_64\bin\zip.dll
Event: 0.601 Loaded shared library C:\Users\Dell\.vscode\extensions\redhat.java-1.33.0-win32-x64\jre\17.0.11-win32-x86_64\bin\jimage.dll
Event: 0.731 Loaded shared library c:\Users\Dell\.vscode\extensions\redhat.java-1.33.0-win32-x64\jre\17.0.11-win32-x86_64\bin\verify.dll
Event: 4.724 Loaded shared library C:\Users\Dell\AppData\Roaming\Code\User\globalStorage\redhat.java\1.33.0\config_win\org.eclipse.equinox.launcher\org.eclipse.equinox.launcher.win32.win32.x86_64_1.2.1100.v20240722-2106\eclipse_11904.dll
Event: 7.816 Loaded shared library C:\Users\Dell\AppData\Local\Temp\jna-2126305\jna17890716307656612230.dll
Event: 83.548 Loaded shared library C:\Users\Dell\.vscode\extensions\redhat.java-1.33.0-win32-x64\jre\17.0.11-win32-x86_64\bin\extnet.dll

Deoptimization events (20 events):
Event: 661.363 Thread 0x0000023e378dce30 Uncommon trap: trap_request=0xffffff45 fr.pc=0x0000023e25e8d270 relative=0x0000000000003070
Event: 661.363 Thread 0x0000023e378dce30 Uncommon trap: reason=unstable_if action=reinterpret pc=0x0000023e25e8d270 method=org.eclipse.jdt.core.dom.DefaultCommentMapper.storeTrailingComments(Lorg/eclipse/jdt/core/dom/ASTNode;IZ[I)I @ 650 c2
Event: 661.363 Thread 0x0000023e378dce30 DEOPT PACKING pc=0x0000023e25e8d270 sp=0x000000d7119fdf90
Event: 661.363 Thread 0x0000023e378dce30 DEOPT UNPACKING pc=0x0000023e246966a3 sp=0x000000d7119fdf30 mode 2
Event: 661.378 Thread 0x0000023e378dce30 Uncommon trap: trap_request=0xffffffde fr.pc=0x0000023e256d333c relative=0x0000000000000e1c
Event: 661.378 Thread 0x0000023e378dce30 Uncommon trap: reason=class_check action=maybe_recompile pc=0x0000023e256d333c method=org.eclipse.jdt.internal.compiler.parser.Parser.consumeRule(I)V @ 6390 c2
Event: 661.378 Thread 0x0000023e378dce30 DEOPT PACKING pc=0x0000023e256d333c sp=0x000000d7119fdf60
Event: 661.378 Thread 0x0000023e378dce30 DEOPT UNPACKING pc=0x0000023e246966a3 sp=0x000000d7119fdee8 mode 2
Event: 661.379 Thread 0x0000023e378dce30 Uncommon trap: trap_request=0xffffffde fr.pc=0x0000023e256d333c relative=0x0000000000000e1c
Event: 661.379 Thread 0x0000023e378dce30 Uncommon trap: reason=class_check action=maybe_recompile pc=0x0000023e256d333c method=org.eclipse.jdt.internal.compiler.parser.Parser.consumeRule(I)V @ 6390 c2
Event: 661.379 Thread 0x0000023e378dce30 DEOPT PACKING pc=0x0000023e256d333c sp=0x000000d7119fdf60
Event: 661.379 Thread 0x0000023e378dce30 DEOPT UNPACKING pc=0x0000023e246966a3 sp=0x000000d7119fdee8 mode 2
Event: 661.385 Thread 0x0000023e378dce30 Uncommon trap: trap_request=0xffffff45 fr.pc=0x0000023e25dbb73c relative=0x00000000000020bc
Event: 661.385 Thread 0x0000023e378dce30 Uncommon trap: reason=unstable_if action=reinterpret pc=0x0000023e25dbb73c method=org.eclipse.jdt.internal.compiler.lookup.SourceTypeBinding.resolveTypesWithSuspendedTempErrorHandlingPolicy(Lorg/eclipse/jdt/internal/compiler/lookup/MethodBinding;)Lorg/ecl
Event: 661.385 Thread 0x0000023e378dce30 DEOPT PACKING pc=0x0000023e25dbb73c sp=0x000000d7119fe320
Event: 661.385 Thread 0x0000023e378dce30 DEOPT UNPACKING pc=0x0000023e246966a3 sp=0x000000d7119fe2c0 mode 2
Event: 661.388 Thread 0x0000023e378dce30 Uncommon trap: trap_request=0xffffff45 fr.pc=0x0000023e258a7ee4 relative=0x0000000000000444
Event: 661.388 Thread 0x0000023e378dce30 Uncommon trap: reason=unstable_if action=reinterpret pc=0x0000023e258a7ee4 method=org.eclipse.jdt.internal.compiler.codegen.ConstantPool.literalIndexForLdc([C)I @ 373 c2
Event: 661.388 Thread 0x0000023e378dce30 DEOPT PACKING pc=0x0000023e258a7ee4 sp=0x000000d7119fde60
Event: 661.388 Thread 0x0000023e378dce30 DEOPT UNPACKING pc=0x0000023e246966a3 sp=0x000000d7119fddf0 mode 2

Classes unloaded (17 events):
Event: 10.535 Thread 0x0000023e1a508180 Unloading class 0x0000000100391000 'java/lang/invoke/LambdaForm$MH+0x0000000100391000'
Event: 10.535 Thread 0x0000023e1a508180 Unloading class 0x0000000100390800 'java/lang/invoke/LambdaForm$MH+0x0000000100390800'
Event: 10.535 Thread 0x0000023e1a508180 Unloading class 0x000000010038fc00 'java/lang/invoke/LambdaForm$MH+0x000000010038fc00'
Event: 10.535 Thread 0x0000023e1a508180 Unloading class 0x000000010038f800 'java/lang/invoke/LambdaForm$DMH+0x000000010038f800'
Event: 10.535 Thread 0x0000023e1a508180 Unloading class 0x000000010038a000 'java/lang/invoke/LambdaForm$MH+0x000000010038a000'
Event: 10.535 Thread 0x0000023e1a508180 Unloading class 0x0000000100389800 'java/lang/invoke/LambdaForm$MH+0x0000000100389800'
Event: 10.535 Thread 0x0000023e1a508180 Unloading class 0x0000000100388c00 'java/lang/invoke/LambdaForm$MH+0x0000000100388c00'
Event: 10.535 Thread 0x0000023e1a508180 Unloading class 0x0000000100388400 'java/lang/invoke/LambdaForm$MH+0x0000000100388400'
Event: 10.535 Thread 0x0000023e1a508180 Unloading class 0x0000000100383800 'java/lang/invoke/LambdaForm$MH+0x0000000100383800'
Event: 10.535 Thread 0x0000023e1a508180 Unloading class 0x0000000100383400 'java/lang/invoke/LambdaForm$MH+0x0000000100383400'
Event: 10.535 Thread 0x0000023e1a508180 Unloading class 0x0000000100252400 'java/lang/invoke/LambdaForm$MH+0x0000000100252400'
Event: 10.535 Thread 0x0000023e1a508180 Unloading class 0x0000000100252000 'java/lang/invoke/LambdaForm$MH+0x0000000100252000'
Event: 10.535 Thread 0x0000023e1a508180 Unloading class 0x0000000100251c00 'java/lang/invoke/LambdaForm$MH+0x0000000100251c00'
Event: 10.535 Thread 0x0000023e1a508180 Unloading class 0x0000000100251800 'java/lang/invoke/LambdaForm$MH+0x0000000100251800'
Event: 10.535 Thread 0x0000023e1a508180 Unloading class 0x0000000100251400 'java/lang/invoke/LambdaForm$BMH+0x0000000100251400'
Event: 10.535 Thread 0x0000023e1a508180 Unloading class 0x0000000100251000 'java/lang/invoke/LambdaForm$DMH+0x0000000100251000'
Event: 10.535 Thread 0x0000023e1a508180 Unloading class 0x000000010024c400 'java/lang/invoke/LambdaForm$DMH+0x000000010024c400'

Classes redefined (0 events):
No events

Internal exceptions (20 events):
Event: 423.148 Thread 0x0000023e378db4e0 Implicit null exception at 0x0000023e25359930 to 0x0000023e2535996a
Event: 427.476 Thread 0x0000023e36c77a80 Exception <a 'java/lang/ClassNotFoundException'{0x00000000ead2da28}: sun/net/www/protocol/jdt/Handler> (0x00000000ead2da28) 
thrown [s\src\hotspot\share\classfile\systemDictionary.cpp, line 256]
Event: 429.981 Thread 0x0000023e36c77a80 Exception <a 'java/lang/ClassNotFoundException'{0x00000000eab96fa0}: sun/net/www/protocol/eclipse-javadoc/Handler> (0x00000000eab96fa0) 
thrown [s\src\hotspot\share\classfile\systemDictionary.cpp, line 256]
Event: 429.981 Thread 0x0000023e36c77a80 Exception <a 'java/lang/ClassNotFoundException'{0x00000000eab99238}: sun/net/www/protocol/eclipse-javadoc/Handler> (0x00000000eab99238) 
thrown [s\src\hotspot\share\classfile\systemDictionary.cpp, line 256]
Event: 429.981 Thread 0x0000023e36c77a80 Exception <a 'java/lang/ClassNotFoundException'{0x00000000eab9b700}: sun/net/www/protocol/eclipse-javadoc/Handler> (0x00000000eab9b700) 
thrown [s\src\hotspot\share\classfile\systemDictionary.cpp, line 256]
Event: 429.981 Thread 0x0000023e36c77a80 Exception <a 'java/lang/ClassNotFoundException'{0x00000000eab9dc90}: sun/net/www/protocol/eclipse-javadoc/Handler> (0x00000000eab9dc90) 
thrown [s\src\hotspot\share\classfile\systemDictionary.cpp, line 256]
Event: 429.981 Thread 0x0000023e36c77a80 Exception <a 'java/lang/ClassNotFoundException'{0x00000000eaba1328}: sun/net/www/protocol/jdt/Handler> (0x00000000eaba1328) 
thrown [s\src\hotspot\share\classfile\systemDictionary.cpp, line 256]
Event: 430.137 Thread 0x0000023e36c77a80 Exception <a 'java/lang/ClassNotFoundException'{0x00000000eacb66e8}: sun/net/www/protocol/jdt/Handler> (0x00000000eacb66e8) 
thrown [s\src\hotspot\share\classfile\systemDictionary.cpp, line 256]
Event: 430.137 Thread 0x0000023e36c77a80 Exception <a 'java/lang/ClassNotFoundException'{0x00000000eacb8c20}: sun/net/www/protocol/jdt/Handler> (0x00000000eacb8c20) 
thrown [s\src\hotspot\share\classfile\systemDictionary.cpp, line 256]
Event: 430.411 Thread 0x0000023e36c77a80 Exception <a 'java/lang/ClassNotFoundException'{0x00000000ead84988}: sun/net/www/protocol/jdt/Handler> (0x00000000ead84988) 
thrown [s\src\hotspot\share\classfile\systemDictionary.cpp, line 256]
Event: 519.054 Thread 0x0000023e36c7e9e0 Exception <a 'java/lang/ClassNotFoundException'{0x00000000eab8dd70}: sun/net/www/protocol/jdt/Handler> (0x00000000eab8dd70) 
thrown [s\src\hotspot\share\classfile\systemDictionary.cpp, line 256]
Event: 519.054 Thread 0x0000023e36c7e9e0 Exception <a 'java/lang/ClassNotFoundException'{0x00000000eab90c58}: sun/net/www/protocol/jdt/Handler> (0x00000000eab90c58) 
thrown [s\src\hotspot\share\classfile\systemDictionary.cpp, line 256]
Event: 519.054 Thread 0x0000023e36c7e9e0 Exception <a 'java/lang/ClassNotFoundException'{0x00000000eab93120}: sun/net/www/protocol/jdt/Handler> (0x00000000eab93120) 
thrown [s\src\hotspot\share\classfile\systemDictionary.cpp, line 256]
Event: 519.054 Thread 0x0000023e36c7e9e0 Exception <a 'java/lang/ClassNotFoundException'{0x00000000eab96270}: sun/net/www/protocol/jdt/Handler> (0x00000000eab96270) 
thrown [s\src\hotspot\share\classfile\systemDictionary.cpp, line 256]
Event: 519.055 Thread 0x0000023e36c7e9e0 Exception <a 'java/lang/ClassNotFoundException'{0x00000000eab986f0}: sun/net/www/protocol/jdt/Handler> (0x00000000eab986f0) 
thrown [s\src\hotspot\share\classfile\systemDictionary.cpp, line 256]
Event: 661.109 Thread 0x0000023e378dce30 Implicit null exception at 0x0000023e25dc7cad to 0x0000023e25dc8b88
Event: 661.113 Thread 0x0000023e378dce30 Implicit null exception at 0x0000023e25df0067 to 0x0000023e25df4f88
Event: 661.113 Thread 0x0000023e378dce30 Implicit null exception at 0x0000023e25b1f8d0 to 0x0000023e25b1f93c
Event: 661.120 Thread 0x0000023e378dce30 Implicit null exception at 0x0000023e25df9015 to 0x0000023e25df98ac
Event: 661.120 Thread 0x0000023e378dce30 Implicit null exception at 0x0000023e25de8b8f to 0x0000023e25de9784

VM Operations (20 events):
Event: 726.323 Executing VM operation: ParallelGCFailedAllocation
Event: 726.324 Executing VM operation: ParallelGCFailedAllocation done
Event: 726.640 Executing VM operation: ParallelGCFailedAllocation
Event: 726.641 Executing VM operation: ParallelGCFailedAllocation done
Event: 726.721 Executing VM operation: ParallelGCFailedAllocation
Event: 726.723 Executing VM operation: ParallelGCFailedAllocation done
Event: 727.034 Executing VM operation: ParallelGCFailedAllocation
Event: 727.035 Executing VM operation: ParallelGCFailedAllocation done
Event: 727.049 Executing VM operation: ParallelGCFailedAllocation
Event: 727.051 Executing VM operation: ParallelGCFailedAllocation done
Event: 727.515 Executing VM operation: ParallelGCFailedAllocation
Event: 727.516 Executing VM operation: ParallelGCFailedAllocation done
Event: 727.651 Executing VM operation: ParallelGCFailedAllocation
Event: 727.652 Executing VM operation: ParallelGCFailedAllocation done
Event: 727.714 Executing VM operation: ParallelGCFailedAllocation
Event: 727.716 Executing VM operation: ParallelGCFailedAllocation done
Event: 728.032 Executing VM operation: ParallelGCFailedAllocation
Event: 728.033 Executing VM operation: ParallelGCFailedAllocation done
Event: 728.188 Executing VM operation: ParallelGCFailedAllocation
Event: 728.189 Executing VM operation: ParallelGCFailedAllocation done

Events (20 events):
Event: 661.192 Thread 0x0000023e3340ef30 flushing nmethod 0x0000023e1e944590
Event: 661.192 Thread 0x0000023e3340ef30 flushing nmethod 0x0000023e1e982390
Event: 661.193 Thread 0x0000023e3340ef30 flushing nmethod 0x0000023e1ea02110
Event: 661.193 Thread 0x0000023e3340ef30 flushing nmethod 0x0000023e1ea13310
Event: 661.193 Thread 0x0000023e3340ef30 flushing nmethod 0x0000023e1ea5e090
Event: 661.193 Thread 0x0000023e3340ef30 flushing nmethod 0x0000023e1ea61610
Event: 661.193 Thread 0x0000023e3340ef30 flushing nmethod 0x0000023e1ea73890
Event: 661.193 Thread 0x0000023e3340ef30 flushing nmethod 0x0000023e1ea7a290
Event: 661.193 Thread 0x0000023e3340ef30 flushing nmethod 0x0000023e1ea91390
Event: 661.194 Thread 0x0000023e3340ef30 flushing nmethod 0x0000023e1eb72f90
Event: 661.194 Thread 0x0000023e3340ef30 flushing nmethod 0x0000023e1eb89b10
Event: 661.194 Thread 0x0000023e3340ef30 flushing nmethod 0x0000023e1ec83290
Event: 661.195 Thread 0x0000023e3340ef30 flushing nmethod 0x0000023e1ed72f10
Event: 661.196 Thread 0x0000023e3340ef30 flushing nmethod 0x0000023e1ef30710
Event: 661.243 Thread 0x0000023e431e7ea0 Thread added: 0x0000023e431e7ea0
Event: 664.105 Thread 0x0000023e431e7ea0 Thread exited: 0x0000023e431e7ea0
Event: 664.105 Thread 0x0000023e431e6410 Thread exited: 0x0000023e431e6410
Event: 710.413 Thread 0x0000023e36c7dfc0 Thread exited: 0x0000023e36c7dfc0
Event: 724.837 Thread 0x0000023e36c7b230 Thread exited: 0x0000023e36c7b230
Event: 725.007 Thread 0x0000023e378df6b0 Thread exited: 0x0000023e378df6b0


Dynamic libraries:
0x00007ff7ffd30000 - 0x00007ff7ffd3e000 	c:\Users\Dell\.vscode\extensions\redhat.java-1.33.0-win32-x64\jre\17.0.11-win32-x86_64\bin\java.exe
0x00007ffdc49d0000 - 0x00007ffdc4be7000 	C:\WINDOWS\SYSTEM32\ntdll.dll
0x00007ffdc3cd0000 - 0x00007ffdc3d94000 	C:\WINDOWS\System32\KERNEL32.DLL
0x00007ffdc1cf0000 - 0x00007ffdc209d000 	C:\WINDOWS\System32\KERNELBASE.dll
0x00007ffdc2440000 - 0x00007ffdc2551000 	C:\WINDOWS\System32\ucrtbase.dll
0x00007ffd7a730000 - 0x00007ffd7a747000 	c:\Users\Dell\.vscode\extensions\redhat.java-1.33.0-win32-x64\jre\17.0.11-win32-x86_64\bin\jli.dll
0x00007ffdc3720000 - 0x00007ffdc38ce000 	C:\WINDOWS\System32\USER32.dll
0x00007ffdc20a0000 - 0x00007ffdc20c6000 	C:\WINDOWS\System32\win32u.dll
0x00007ffdc3a50000 - 0x00007ffdc3a79000 	C:\WINDOWS\System32\GDI32.dll
0x00007ffdc2560000 - 0x00007ffdc2679000 	C:\WINDOWS\System32\gdi32full.dll
0x00007ffdc22e0000 - 0x00007ffdc237a000 	C:\WINDOWS\System32\msvcp_win.dll
0x00007ffd6f820000 - 0x00007ffd6f83b000 	c:\Users\Dell\.vscode\extensions\redhat.java-1.33.0-win32-x64\jre\17.0.11-win32-x86_64\bin\VCRUNTIME140.dll
0x00007ffdaa2b0000 - 0x00007ffdaa543000 	C:\WINDOWS\WinSxS\amd64_microsoft.windows.common-controls_6595b64144ccf1df_6.0.22621.3672_none_2713b9d173822955\COMCTL32.dll
0x00007ffdc2950000 - 0x00007ffdc29f7000 	C:\WINDOWS\System32\msvcrt.dll
0x00007ffdc3c90000 - 0x00007ffdc3cc1000 	C:\WINDOWS\System32\IMM32.DLL
0x00007ffdb9390000 - 0x00007ffdb939c000 	c:\Users\Dell\.vscode\extensions\redhat.java-1.33.0-win32-x64\jre\17.0.11-win32-x86_64\bin\vcruntime140_1.dll
0x00007ffd63440000 - 0x00007ffd634cd000 	c:\Users\Dell\.vscode\extensions\redhat.java-1.33.0-win32-x64\jre\17.0.11-win32-x86_64\bin\msvcp140.dll
0x00007ffd627d0000 - 0x00007ffd63432000 	c:\Users\Dell\.vscode\extensions\redhat.java-1.33.0-win32-x64\jre\17.0.11-win32-x86_64\bin\server\jvm.dll
0x00007ffdc4450000 - 0x00007ffdc4502000 	C:\WINDOWS\System32\ADVAPI32.dll
0x00007ffdc3be0000 - 0x00007ffdc3c89000 	C:\WINDOWS\System32\sechost.dll
0x00007ffdc22b0000 - 0x00007ffdc22d8000 	C:\WINDOWS\System32\bcrypt.dll
0x00007ffdc4330000 - 0x00007ffdc4444000 	C:\WINDOWS\System32\RPCRT4.dll
0x00007ffdc1bb0000 - 0x00007ffdc1bfd000 	C:\WINDOWS\SYSTEM32\POWRPROF.dll
0x00007ffdb6540000 - 0x00007ffdb6549000 	C:\WINDOWS\SYSTEM32\WSOCK32.dll
0x00007ffdc3640000 - 0x00007ffdc36b1000 	C:\WINDOWS\System32\WS2_32.dll
0x00007ffdb7d40000 - 0x00007ffdb7d74000 	C:\WINDOWS\SYSTEM32\WINMM.dll
0x00007ffdb7d80000 - 0x00007ffdb7d8a000 	C:\WINDOWS\SYSTEM32\VERSION.dll
0x00007ffdc1b90000 - 0x00007ffdc1ba3000 	C:\WINDOWS\SYSTEM32\UMPDC.dll
0x00007ffdc0d20000 - 0x00007ffdc0d38000 	C:\WINDOWS\SYSTEM32\kernel.appcore.dll
0x00007ffdb3110000 - 0x00007ffdb311a000 	c:\Users\Dell\.vscode\extensions\redhat.java-1.33.0-win32-x64\jre\17.0.11-win32-x86_64\bin\jimage.dll
0x00007ffdbf590000 - 0x00007ffdbf7c2000 	C:\WINDOWS\SYSTEM32\DBGHELP.DLL
0x00007ffdc3dc0000 - 0x00007ffdc414d000 	C:\WINDOWS\System32\combase.dll
0x00007ffdc4250000 - 0x00007ffdc4327000 	C:\WINDOWS\System32\OLEAUT32.dll
0x00007ffdb7110000 - 0x00007ffdb7142000 	C:\WINDOWS\SYSTEM32\dbgcore.DLL
0x00007ffdc2680000 - 0x00007ffdc26fb000 	C:\WINDOWS\System32\bcryptPrimitives.dll
0x00007ffdb30d0000 - 0x00007ffdb30de000 	c:\Users\Dell\.vscode\extensions\redhat.java-1.33.0-win32-x64\jre\17.0.11-win32-x86_64\bin\instrument.dll
0x00007ffd625d0000 - 0x00007ffd625f5000 	c:\Users\Dell\.vscode\extensions\redhat.java-1.33.0-win32-x64\jre\17.0.11-win32-x86_64\bin\java.dll
0x00007ffd625b0000 - 0x00007ffd625c8000 	c:\Users\Dell\.vscode\extensions\redhat.java-1.33.0-win32-x64\jre\17.0.11-win32-x86_64\bin\zip.dll
0x00007ffdc2dd0000 - 0x00007ffdc3638000 	C:\WINDOWS\System32\SHELL32.dll
0x00007ffdbfc40000 - 0x00007ffdc053e000 	C:\WINDOWS\SYSTEM32\windows.storage.dll
0x00007ffdbfb00000 - 0x00007ffdbfc3f000 	C:\WINDOWS\SYSTEM32\wintypes.dll
0x00007ffdc4150000 - 0x00007ffdc4249000 	C:\WINDOWS\System32\SHCORE.dll
0x00007ffdc3a80000 - 0x00007ffdc3ade000 	C:\WINDOWS\System32\shlwapi.dll
0x00007ffdc1c20000 - 0x00007ffdc1c41000 	C:\WINDOWS\SYSTEM32\profapi.dll
0x00007ffd6f800000 - 0x00007ffd6f819000 	C:\Users\Dell\.vscode\extensions\redhat.java-1.33.0-win32-x64\jre\17.0.11-win32-x86_64\bin\net.dll
0x00007ffdb7c00000 - 0x00007ffdb7d36000 	C:\WINDOWS\SYSTEM32\WINHTTP.dll
0x00007ffdc1190000 - 0x00007ffdc11f9000 	C:\WINDOWS\system32\mswsock.dll
0x00007ffd6f7e0000 - 0x00007ffd6f7f6000 	C:\Users\Dell\.vscode\extensions\redhat.java-1.33.0-win32-x64\jre\17.0.11-win32-x86_64\bin\nio.dll
0x00007ffdad010000 - 0x00007ffdad020000 	c:\Users\Dell\.vscode\extensions\redhat.java-1.33.0-win32-x64\jre\17.0.11-win32-x86_64\bin\verify.dll
0x00007ffd623e0000 - 0x00007ffd62425000 	C:\Users\Dell\AppData\Roaming\Code\User\globalStorage\redhat.java\1.33.0\config_win\org.eclipse.equinox.launcher\org.eclipse.equinox.launcher.win32.win32.x86_64_1.2.1100.v20240722-2106\eclipse_11904.dll
0x00007ffdc2a00000 - 0x00007ffdc2ba5000 	C:\WINDOWS\System32\ole32.dll
0x00007ffdc1400000 - 0x00007ffdc141b000 	C:\WINDOWS\SYSTEM32\CRYPTSP.dll
0x00007ffdc0c80000 - 0x00007ffdc0cb5000 	C:\WINDOWS\system32\rsaenh.dll
0x00007ffdc1290000 - 0x00007ffdc12b8000 	C:\WINDOWS\SYSTEM32\USERENV.dll
0x00007ffdc13f0000 - 0x00007ffdc13fc000 	C:\WINDOWS\SYSTEM32\CRYPTBASE.dll
0x00007ffdc07a0000 - 0x00007ffdc07cd000 	C:\WINDOWS\SYSTEM32\IPHLPAPI.DLL
0x00007ffdc3a40000 - 0x00007ffdc3a49000 	C:\WINDOWS\System32\NSI.dll
0x00007ffdb7550000 - 0x00007ffdb7569000 	C:\WINDOWS\SYSTEM32\dhcpcsvc6.DLL
0x00007ffdb7530000 - 0x00007ffdb754f000 	C:\WINDOWS\SYSTEM32\dhcpcsvc.DLL
0x00007ffdc0810000 - 0x00007ffdc0908000 	C:\WINDOWS\SYSTEM32\DNSAPI.dll
0x00007ffd5d9d0000 - 0x00007ffd5da15000 	C:\Users\Dell\AppData\Local\Temp\jna-2126305\jna17890716307656612230.dll
0x00007ffdc3da0000 - 0x00007ffdc3da8000 	C:\WINDOWS\System32\PSAPI.DLL
0x00007ffd9e650000 - 0x00007ffd9e659000 	C:\Users\Dell\.vscode\extensions\redhat.java-1.33.0-win32-x64\jre\17.0.11-win32-x86_64\bin\extnet.dll

dbghelp: loaded successfully - version: 4.0.5 - missing functions: none
symbol engine: initialized successfully - sym options: 0x614 - pdb path: .;c:\Users\Dell\.vscode\extensions\redhat.java-1.33.0-win32-x64\jre\17.0.11-win32-x86_64\bin;C:\WINDOWS\SYSTEM32;C:\WINDOWS\WinSxS\amd64_microsoft.windows.common-controls_6595b64144ccf1df_6.0.22621.3672_none_2713b9d173822955;c:\Users\Dell\.vscode\extensions\redhat.java-1.33.0-win32-x64\jre\17.0.11-win32-x86_64\bin\server;C:\Users\Dell\AppData\Roaming\Code\User\globalStorage\redhat.java\1.33.0\config_win\org.eclipse.equinox.launcher\org.eclipse.equinox.launcher.win32.win32.x86_64_1.2.1100.v20240722-2106;C:\Users\Dell\AppData\Local\Temp\jna-2126305

VM Arguments:
jvm_args: --add-modules=ALL-SYSTEM --add-opens=java.base/java.util=ALL-UNNAMED --add-opens=java.base/java.lang=ALL-UNNAMED --add-opens=java.base/sun.nio.fs=ALL-UNNAMED -Declipse.application=org.eclipse.jdt.ls.core.id1 -Dosgi.bundles.defaultStartLevel=4 -Declipse.product=org.eclipse.jdt.ls.core.product -Djava.import.generatesMetadataFilesAtProjectRoot=false -DDetectVMInstallationsJob.disabled=true -Dfile.encoding=utf8 -XX:+UseParallelGC -XX:GCTimeRatio=4 -XX:AdaptiveSizePolicyWeight=90 -Dsun.zip.disableMemoryMapping=true -Xmx1G -Xms100m -Xlog:disable -javaagent:c:\Users\Dell\.vscode\extensions\redhat.java-1.33.0-win32-x64\lombok\lombok-1.18.33.jar -XX:+HeapDumpOnOutOfMemoryError -XX:HeapDumpPath=c:\Users\Dell\AppData\Roaming\Code\User\workspaceStorage\6da1dc44a1c49bb1443428fb4c3261b7\redhat.java -Daether.dependencyCollector.impl=bf 
java_command: c:\Users\Dell\.vscode\extensions\redhat.java-1.33.0-win32-x64\server\plugins\org.eclipse.equinox.launcher_1.6.900.v20240613-2009.jar -configuration c:\Users\Dell\AppData\Roaming\Code\User\globalStorage\redhat.java\1.33.0\config_win -data c:\Users\Dell\AppData\Roaming\Code\User\workspaceStorage\6da1dc44a1c49bb1443428fb4c3261b7\redhat.java\jdt_ws --pipe=\\.\pipe\lsp-49e9d8b285e251c9c22fe7a12655adc4-sock
java_class_path (initial): c:\Users\Dell\.vscode\extensions\redhat.java-1.33.0-win32-x64\server\plugins\org.eclipse.equinox.launcher_1.6.900.v20240613-2009.jar
Launcher Type: SUN_STANDARD

[Global flags]
    uintx AdaptiveSizePolicyWeight                 = 90                                        {product} {command line}
     intx CICompilerCount                          = 4                                         {product} {ergonomic}
    uintx GCTimeRatio                              = 4                                         {product} {command line}
     bool HeapDumpOnOutOfMemoryError               = true                                   {manageable} {command line}
    ccstr HeapDumpPath                             = c:\Users\Dell\AppData\Roaming\Code\User\workspaceStorage\6da1dc44a1c49bb1443428fb4c3261b7\redhat.java         {manageable} {command line}
   size_t InitialHeapSize                          = 104857600                                 {product} {command line}
   size_t MaxHeapSize                              = 1073741824                                {product} {command line}
   size_t MaxNewSize                               = 357564416                                 {product} {ergonomic}
   size_t MinHeapDeltaBytes                        = 524288                                    {product} {ergonomic}
   size_t MinHeapSize                              = 104857600                                 {product} {command line}
   size_t NewSize                                  = 34603008                                  {product} {ergonomic}
    uintx NonNMethodCodeHeapSize                   = 5839372                                {pd product} {ergonomic}
    uintx NonProfiledCodeHeapSize                  = 122909434                              {pd product} {ergonomic}
   size_t OldSize                                  = 70254592                                  {product} {ergonomic}
    uintx ProfiledCodeHeapSize                     = 122909434                              {pd product} {ergonomic}
    uintx ReservedCodeCacheSize                    = 251658240                              {pd product} {ergonomic}
     bool SegmentedCodeCache                       = true                                      {product} {ergonomic}
   size_t SoftMaxHeapSize                          = 1073741824                             {manageable} {ergonomic}
     bool UseCompressedClassPointers               = true                           {product lp64_product} {ergonomic}
     bool UseCompressedOops                        = true                           {product lp64_product} {ergonomic}
     bool UseLargePagesIndividualAllocation        = false                                  {pd product} {ergonomic}
     bool UseParallelGC                            = true                                      {product} {command line}

Logging:
Log output configuration:
 #0: stdout all=off uptime,level,tags
 #1: stderr all=off uptime,level,tags

Environment Variables:
PATH=C:\Program Files\Eclipse Adoptium\jdk-21.0.3.9-hotspot\bin;C:\WINDOWS\system32;C:\WINDOWS;C:\WINDOWS\System32\Wbem;C:\WINDOWS\System32\WindowsPowerShell\v1.0\;C:\WINDOWS\System32\OpenSSH\;C:\Program Files\nodejs\;C:\Program Files\nodejs\node.exe;C:\Program Files\Git\cmd;C:\Program Files\Git\mingw64\bin;C:\Program Files\Git\usr\bin;C:\Users\Dell\AppData\Local\Microsoft\WindowsApps;C:\Users\Dell\AppData\Local\Programs\Microsoft VS Code\bin;C:\Users\Dell\AppData\Roaming\npm;C:\Program Files\nodejs\node.exe;C:\Program Files\nodejs\node_modules\npm;
USERNAME=Dell
OS=Windows_NT
PROCESSOR_IDENTIFIER=Intel64 Family 6 Model 142 Stepping 10, GenuineIntel
TMP=C:\Users\Dell\AppData\Local\Temp
TEMP=C:\Users\Dell\AppData\Local\Temp



Periodic native trim disabled


---------------  S Y S T E M  ---------------

OS:
 Windows 11 , 64 bit Build 22621 (10.0.22621.3958)
OS uptime: 6 days 8:08 hours

CPU: total 8 (initial active 8) (4 cores per cpu, 2 threads per core) family 6 model 142 stepping 10 microcode 0xf4, cx8, cmov, fxsr, ht, mmx, 3dnowpref, sse, sse2, sse3, ssse3, sse4.1, sse4.2, popcnt, lzcnt, tsc, tscinvbit, avx, avx2, aes, erms, clmul, bmi1, bmi2, rtm, adx, fma, vzeroupper, clflush, clflushopt
Processor Information for all 8 processors :
  Max Mhz: 1896, Current Mhz: 1696, Mhz Limit: 1687

Memory: 4k page, system-wide physical 16249M (826M free)
TotalPageFile size 28643M (AvailPageFile size 63M)
current process WorkingSet (physical memory assigned to process): 362M, peak: 428M
current process commit charge ("private bytes"): 427M, peak: 466M

vm_info: OpenJDK 64-Bit Server VM (17.0.11+9) for windows-amd64 JRE (17.0.11+9), built on Apr 17 2024 06:07:48 by "admin" with MS VC++ 16.10 / 16.11 (VS2019)

END.
